  % Total    % Received % Xferd  Average Speed   Time    Time     Time  Current
                                 Dload  Upload   Total   Spent    Left  Speed
  0     0    0     0    0     0      0      0 --:--:-- --:--:-- --:--:--     0100   184  100   108  100    76    113     80 --:--:-- --:--:-- --:--:--   134100   184  100   108  100    76    113     80 --:--:-- --:--:-- --:--:--   134
HTTP/1.1 200 OK
X-Backside-Transport: OK OK
Date: Mon, 24 Oct 2011 23:16:37 GMT
Server: Apache
Content-Type: application/json
X-Client-IP: 192.168.67.115
Connection: close
Content-Length: 108

[{"statusCode":"INVALID_URL","url":"http:\/\/\/www\/userstyles\/public\/style_screenshots\/9176_after.png"}]  % Total    % Received % Xferd  Average Speed   Time    Time     Time  Current
                                 Dload  Upload   Total   Spent    Left  Speed
  0     0    0     0    0     0      0      0 --:--:-- --:--:-- --:--:--     0100   204  100   118  100    86    128     93 --:--:-- --:--:-- --:--:--   153100   204  100   118  100    86    128     93 --:--:-- --:--:-- --:--:--   153
HTTP/1.1 200 OK
X-Backside-Transport: OK OK
Date: Mon, 24 Oct 2011 23:17:16 GMT
Server: Apache
Content-Type: application/json
X-Client-IP: 192.168.67.116
Connection: close
Content-Length: 118

[{"statusCode":"INVALID_URL","url":"http:\/\/\/www\/userstyles\/public\/style_screenshot_thumbnails\/9176_after.png"}]  % Total    % Received % Xferd  Average Speed   Time    Time     Time  Current
                                 Dload  Upload   Total   Spent    Left  Speed
  0     0    0     0    0     0      0      0 --:--:-- --:--:-- --:--:--     0100   176  100    99  100    77    118     91 --:--:-- --:--:-- --:--:--   141100   176  100    99  100    77    117     91 --:--:-- --:--:-- --:--:--   141
HTTP/1.1 200 OK
X-Backside-Transport: OK OK
Date: Mon, 24 Oct 2011 23:19:47 GMT
Server: Apache
Content-Type: application/json
X-Client-IP: 192.168.67.115
Connection: close
Content-Length: 99

[{"statusCode":"INVALID_URL","url":"http:\/\/userstyles.local\/style_screenshots\/9176_after.png"}]  % Total    % Received % Xferd  Average Speed   Time    Time     Time  Current
                                 Dload  Upload   Total   Spent    Left  Speed
  0     0    0     0    0     0      0      0 --:--:-- --:--:-- --:--:--     0100    87    0     0  100    87      0     66  0:00:01  0:00:01 --:--:--    74100   196  100   109  100    87     77     61  0:00:01  0:00:01 --:--:--    85
HTTP/1.1 200 OK
X-Backside-Transport: OK OK
Date: Mon, 24 Oct 2011 23:19:48 GMT
Server: Apache
Content-Type: application/json
X-Client-IP: 192.168.67.115
Connection: close
Content-Length: 109

[{"statusCode":"INVALID_URL","url":"http:\/\/userstyles.local\/style_screenshot_thumbnails\/9176_after.png"}]